<?xml version="1.0" encoding="UTF-8"?>
<!-- Generated by org.testng.reporters.JUnitXMLReporter -->
<testsuite hostname="ML-J5P86S2" ignored="0" name="Test1" tests="4" failures="0" timestamp="23 Oct 2020 11:59:26 GMT" time="0.036" errors="0">
  <testcase name="demo1" time="0.006" classname="test.TestNGBasics"/>
  <testcase name="demo2" time="0.002" classname="test.TestNGBasics"/>
  <testcase name="xmldemo1" time="0.001" classname="test.TestNGXmlBasics"/>
  <testcase name="xmldemo2" time="0.001" classname="test.TestNGXmlBasics"/>
</testsuite> <!-- Test1 -->
