<?xml version="1.0" encoding="UTF-8"?>
<!-- Generated by org.testng.reporters.JUnitXMLReporter -->
<testsuite hostname="ML-J5P86S2" ignored="4" name="Regression Special Test Case" tests="13" failures="0" timestamp="24 Oct 2020 03:27:09 GMT" time="0.019" errors="0">
  <testcase name="demo3" time="0.001" classname="test.TestNGBasics"/>
  <testcase name="xmldemo1" time="0.001" classname="test.TestNGXmlBasics"/>
  <testcase name="xmldemo2" time="0.001" classname="test.TestNGXmlBasics"/>
  <testcase name="demo1suit" time="0.001" classname="test.TestSuit01"/>
  <testcase name="demo2suit" time="0.001" classname="test.TestSuit01"/>
  <testcase name="mobile01" time="0.001" classname="test.TestSuit02"/>
  <testcase name="mobile02" time="0.001" classname="test.TestSuit02"/>
  <testcase name="mobile03" time="0.001" classname="test.TestSuit02"/>
  <testcase name="mobile04" time="0.0" classname="test.TestSuit02"/>
  <testcase name="mobile05" time="0.0" classname="test.TestSuit02"/>
  <testcase name="mobile05" time="0.0" classname="testPackage01.MobileTestSuit02"/>
  <testcase name="demo2" time="0.0" classname="test.TestNGBasics"/>
  <testcase name="demo1" time="0.001" classname="test.TestNGBasics"/>
  <testcase name="mobile02" time="0.0" classname="testPackage01.MobileTestSuit02">
    <ignored/>
  </testcase> <!-- mobile02 -->
  <testcase name="mobile04" time="0.0" classname="testPackage01.MobileTestSuit02">
    <ignored/>
  </testcase> <!-- mobile04 -->
  <testcase name="mobile03" time="0.0" classname="testPackage01.MobileTestSuit02">
    <ignored/>
  </testcase> <!-- mobile03 -->
  <testcase name="mobile01" time="0.0" classname="testPackage01.MobileTestSuit02">
    <ignored/>
  </testcase> <!-- mobile01 -->
</testsuite> <!-- Regression Special Test Case -->
