<?xml version="1.0" encoding="UTF-8"?>
<!-- Generated by org.testng.reporters.JUnitXMLReporter -->
<testsuite hostname="ML-J5P86S2" ignored="13" name="Special Test cases" tests="4" failures="0" timestamp="24 Oct 2020 03:53:25 GMT" time="0.038" errors="0">
  <testcase name="demo3" time="0.009" classname="test.TestNGBasics"/>
  <testcase name="mobile04" time="0.001" classname="testPackage01.MobileTestSuit02"/>
  <testcase name="xmldemo2" time="0.0" classname="test.TestNGXmlBasics"/>
  <testcase name="mobile05" time="0.001" classname="testPackage01.MobileTestSuit02"/>
  <testcase name="mobile01" time="0.0" classname="test.TestSuit02">
    <ignored/>
  </testcase> <!-- mobile01 -->
  <testcase name="mobile02" time="0.0" classname="testPackage01.MobileTestSuit02">
    <ignored/>
  </testcase> <!-- mobile02 -->
  <testcase name="mobile04" time="0.0" classname="test.TestSuit02">
    <ignored/>
  </testcase> <!-- mobile04 -->
  <testcase name="mobile03" time="0.0" classname="testPackage01.MobileTestSuit02">
    <ignored/>
  </testcase> <!-- mobile03 -->
  <testcase name="mobile05" time="0.0" classname="test.TestSuit02">
    <ignored/>
  </testcase> <!-- mobile05 -->
  <testcase name="mobile02" time="0.0" classname="test.TestSuit02">
    <ignored/>
  </testcase> <!-- mobile02 -->
  <testcase name="mobile03" time="0.0" classname="test.TestSuit02">
    <ignored/>
  </testcase> <!-- mobile03 -->
  <testcase name="xmldemo1" time="0.0" classname="test.TestNGXmlBasics">
    <ignored/>
  </testcase> <!-- xmldemo1 -->
  <testcase name="demo2suit" time="0.0" classname="test.TestSuit01">
    <ignored/>
  </testcase> <!-- demo2suit -->
  <testcase name="demo1suit" time="0.0" classname="test.TestSuit01">
    <ignored/>
  </testcase> <!-- demo1suit -->
  <testcase name="mobile01" time="0.0" classname="testPackage01.MobileTestSuit02">
    <ignored/>
  </testcase> <!-- mobile01 -->
  <testcase name="demo1" time="0.0" classname="test.TestNGBasics">
    <ignored/>
  </testcase> <!-- demo1 -->
  <testcase name="demo2" time="0.0" classname="test.TestNGBasics">
    <ignored/>
  </testcase> <!-- demo2 -->
</testsuite> <!-- Special Test cases -->
