<?xml version="1.0" encoding="UTF-8"?>
<!-- Generated by org.testng.reporters.JUnitXMLReporter -->
<testsuite hostname="ML-J5P86S2" ignored="0" name="RunATPackageLevel" tests="5" failures="0" timestamp="24 Oct 2020 03:10:58 GMT" time="0.028" errors="0">
  <testcase name="mobile01" time="0.007" classname="testPackage01.MobileTestSuit02"/>
  <testcase name="mobile02" time="0.0" classname="testPackage01.MobileTestSuit02"/>
  <testcase name="mobile03" time="0.001" classname="testPackage01.MobileTestSuit02"/>
  <testcase name="mobile04" time="0.0" classname="testPackage01.MobileTestSuit02"/>
  <testcase name="mobile05" time="0.0" classname="testPackage01.MobileTestSuit02"/>
</testsuite> <!-- RunATPackageLevel -->
