<?xml version="1.0" encoding="UTF-8"?>
<!-- Generated by org.testng.reporters.JUnitXMLReporter -->
<testsuite hostname="ML-J5P86S2" ignored="6" name="Regression" tests="6" failures="0" timestamp="23 Oct 2020 13:34:54 GMT" time="0.01" errors="0">
  <testcase name="demo3" time="0.0" classname="test.TestNGBasics"/>
  <testcase name="xmldemo1" time="0.001" classname="test.TestNGXmlBasics"/>
  <testcase name="xmldemo2" time="0.001" classname="test.TestNGXmlBasics"/>
  <testcase name="demo2suit" time="0.001" classname="test.TestSuit01"/>
  <testcase name="demo2" time="0.001" classname="test.TestNGBasics"/>
  <testcase name="demo1" time="0.001" classname="test.TestNGBasics"/>
  <testcase name="mobile01" time="0.0" classname="test.TestSuit02">
    <ignored/>
  </testcase> <!-- mobile01 -->
  <testcase name="mobile04" time="0.0" classname="test.TestSuit02">
    <ignored/>
  </testcase> <!-- mobile04 -->
  <testcase name="demo1suit" time="0.0" classname="test.TestSuit01">
    <ignored/>
  </testcase> <!-- demo1suit -->
  <testcase name="mobile05" time="0.0" classname="test.TestSuit02">
    <ignored/>
  </testcase> <!-- mobile05 -->
  <testcase name="mobile02" time="0.0" classname="test.TestSuit02">
    <ignored/>
  </testcase> <!-- mobile02 -->
  <testcase name="mobile03" time="0.0" classname="test.TestSuit02">
    <ignored/>
  </testcase> <!-- mobile03 -->
</testsuite> <!-- Regression -->
