<?xml version="1.0" encoding="UTF-8"?>
<!-- Generated by org.testng.reporters.JUnitXMLReporter -->
<testsuite hostname="ML-J5P86S2" ignored="2" name="Smoke" tests="3" failures="0" timestamp="23 Oct 2020 13:34:54 GMT" time="0.025" errors="0">
  <testcase name="demo3" time="0.003" classname="test.TestNGBasics"/>
  <testcase name="xmldemo1" time="0.001" classname="test.TestNGXmlBasics"/>
  <testcase name="xmldemo2" time="0.0" classname="test.TestNGXmlBasics"/>
  <testcase name="demo1" time="0.0" classname="test.TestNGBasics">
    <ignored/>
  </testcase> <!-- demo1 -->
  <testcase name="demo2" time="0.0" classname="test.TestNGBasics">
    <ignored/>
  </testcase> <!-- demo2 -->
</testsuite> <!-- Smoke -->
