<?xml version="1.0" encoding="UTF-8"?>
<!-- Generated by org.testng.reporters.JUnitXMLReporter -->
<testsuite hostname="ML-J5P86S2" ignored="0" name="Module-1" tests="4" failures="0" timestamp="23 Oct 2020 12:13:27 GMT" time="0.028" errors="0">
  <testcase name="xmldemo1" time="0.006" classname="test.TestNGXmlBasics"/>
  <testcase name="xmldemo2" time="0.001" classname="test.TestNGXmlBasics"/>
  <testcase name="demo2" time="0.001" classname="test.TestNGBasics"/>
  <testcase name="demo1" time="0.001" classname="test.TestNGBasics"/>
</testsuite> <!-- Module-1 -->
