<?xml version="1.0" encoding="UTF-8"?>
<!-- Generated by org.testng.reporters.JUnitXMLReporter -->
<testsuite hostname="ML-J5P86S2" ignored="1" name="Smoke" tests="9" failures="3" timestamp="24 Oct 2020 08:29:42 GMT" time="0.05" errors="0">
  <testcase name="demo3" time="0.005" classname="test.TestNGBasics"/>
  <testcase name="siblingsName" time="0.006" classname="test.TestNGXmlBasics">
    <failure type="java.lang.AssertionError" message="expected [true] but found [false]">
      <![CDATA[java.lang.AssertionError: expected [true] but found [false]
at test.TestNGXmlBasics.siblingsName(TestNGXmlBasics.java:30)
at java.util.concurrent.ThreadPoolExecutor.runWorker(Unknown Source)
at java.util.concurrent.ThreadPoolExecutor$Worker.run(Unknown Source)
at java.lang.Thread.run(Unknown Source)
... Removed 14 stack frames]]>
    </failure>
  </testcase> <!-- siblingsName -->
  <testcase name="siblingsName" time="0.001" classname="test.TestNGXmlBasics">
    <failure type="java.lang.AssertionError" message="expected [true] but found [false]">
      <![CDATA[java.lang.AssertionError: expected [true] but found [false]
at test.TestNGXmlBasics.siblingsName(TestNGXmlBasics.java:30)
at java.util.concurrent.ThreadPoolExecutor.runWorker(Unknown Source)
at java.util.concurrent.ThreadPoolExecutor$Worker.run(Unknown Source)
at java.lang.Thread.run(Unknown Source)
... Removed 14 stack frames]]>
    </failure>
  </testcase> <!-- siblingsName -->
  <testcase name="siblingsName" time="0.001" classname="test.TestNGXmlBasics">
    <failure type="java.lang.AssertionError" message="expected [true] but found [false]">
      <![CDATA[java.lang.AssertionError: expected [true] but found [false]
at test.TestNGXmlBasics.siblingsName(TestNGXmlBasics.java:30)
at java.util.concurrent.ThreadPoolExecutor.runWorker(Unknown Source)
at java.util.concurrent.ThreadPoolExecutor$Worker.run(Unknown Source)
at java.lang.Thread.run(Unknown Source)
... Removed 14 stack frames]]>
    </failure>
  </testcase> <!-- siblingsName -->
  <testcase name="xmldemo1" time="0.002" classname="test.TestNGXmlBasics"/>
  <testcase name="xmldemo1" time="0.001" classname="test.TestNGXmlBasics"/>
  <testcase name="xmldemo1" time="0.001" classname="test.TestNGXmlBasics"/>
  <testcase name="xmldemo2" time="0.001" classname="test.TestNGXmlBasics"/>
  <testcase name="demo2" time="0.001" classname="test.TestNGBasics"/>
  <testcase name="demo1" time="0.0" classname="test.TestNGBasics">
    <ignored/>
  </testcase> <!-- demo1 -->
</testsuite> <!-- Smoke -->
